# JRE version: OpenJDK Runtime Environment (21.0.6) (build 21.0.6+-13368085-b895.109)
# Java VM: OpenJDK 64-Bit Server VM (21.0.6+-13368085-b895.109, mixed mode, tiered, compressed oops, compressed class ptrs, g1 gc, windows-amd64)
GC Precious Log:
 CardTable entry size: 512
 Card Set container configuration: InlinePtr #cards 4 size 8 Array Of Cards #cards 32 size 80 Howl #buckets 8 coarsen threshold 7372 Howl Bitmap #cards 1024 size 144 coarsen threshold 921 Card regions per heap region 1 cards per card region 8192
 CPUs: 12 total, 12 available
 Memory: 16163M
 Large Page Support: Disabled
 NUMA Support: Disabled
 Compressed Oops: Enabled (Zero based)
 Heap Region Size: 4M
 Heap Min Capacity: 8M
 Heap Initial Capacity: 256M
 Heap Max Capacity: 8G
 Pre-touch: Disabled
 Parallel Workers: 10
 Concurrent Workers: 3
 Concurrent Refinement Workers: 10
 Periodic GC: Disabled
Heap:
 garbage-first heap   total 643072K, used 410542K [0x0000000600000000, 0x0000000800000000)
  region size 4096K, 5 young (20480K), 5 survivors (20480K)
 Metaspace       used 148906K, committed 151232K, reserved 1179648K
  class space    used 19417K, committed 20608K, reserved 1048576K
GC Heap History (20 events):
Event: 73.611 GC heap after
{Heap after GC invocations=45 (full 0):
 garbage-first heap   total 319488K, used 156934K [0x0000000600000000, 0x0000000800000000)
  region size 4096K, 3 young (12288K), 3 survivors (12288K)
 Metaspace       used 128191K, committed 130496K, reserved 1179648K
  class space    used 16911K, committed 18048K, reserved 1048576K
}
Event: 74.418 GC heap before
{Heap before GC invocations=46 (full 0):
 garbage-first heap   total 319488K, used 255238K [0x0000000600000000, 0x0000000800000000)
  region size 4096K, 28 young (114688K), 3 survivors (12288K)
 Metaspace       used 128729K, committed 131008K, reserved 1179648K
  class space    used 16957K, committed 18112K, reserved 1048576K
}
Event: 74.433 GC heap after
{Heap after GC invocations=47 (full 0):
 garbage-first heap   total 319488K, used 178766K [0x0000000600000000, 0x0000000800000000)
  region size 4096K, 4 young (16384K), 4 survivors (16384K)
 Metaspace       used 128729K, committed 131008K, reserved 1179648K
  class space    used 16957K, committed 18112K, reserved 1048576K
}
Event: 74.805 GC heap before
{Heap before GC invocations=47 (full 0):
 garbage-first heap   total 319488K, used 285262K [0x0000000600000000, 0x0000000800000000)
  region size 4096K, 24 young (98304K), 4 survivors (16384K)
 Metaspace       used 129468K, committed 131712K, reserved 1179648K
  class space    used 17019K, committed 18112K, reserved 1048576K
}
Event: 74.820 GC heap after
{Heap after GC invocations=48 (full 0):
 garbage-first heap   total 327680K, used 189986K [0x0000000600000000, 0x0000000800000000)
  region size 4096K, 3 young (12288K), 3 survivors (12288K)
 Metaspace       used 129468K, committed 131712K, reserved 1179648K
  class space    used 17019K, committed 18112K, reserved 1048576K
}
Event: 75.110 GC heap before
{Heap before GC invocations=48 (full 0):
 garbage-first heap   total 327680K, used 271906K [0x0000000600000000, 0x0000000800000000)
  region size 4096K, 23 young (94208K), 3 survivors (12288K)
 Metaspace       used 132478K, committed 134720K, reserved 1179648K
  class space    used 17298K, committed 18432K, reserved 1048576K
}
Event: 75.119 GC heap after
{Heap after GC invocations=49 (full 0):
 garbage-first heap   total 327680K, used 199660K [0x0000000600000000, 0x0000000800000000)
  region size 4096K, 3 young (12288K), 3 survivors (12288K)
 Metaspace       used 132478K, committed 134720K, reserved 1179648K
  class space    used 17298K, committed 18432K, reserved 1048576K
}
Event: 75.267 GC heap before
{Heap before GC invocations=49 (full 0):
 garbage-first heap   total 364544K, used 351212K [0x0000000600000000, 0x0000000800000000)
  region size 4096K, 23 young (94208K), 3 survivors (12288K)
 Metaspace       used 133119K, committed 135360K, reserved 1179648K
  class space    used 17353K, committed 18496K, reserved 1048576K
}
Event: 75.273 GC heap after
{Heap after GC invocations=50 (full 0):
 garbage-first heap   total 376832K, used 276342K [0x0000000600000000, 0x0000000800000000)
  region size 4096K, 2 young (8192K), 2 survivors (8192K)
 Metaspace       used 133119K, committed 135360K, reserved 1179648K
  class space    used 17353K, committed 18496K, reserved 1048576K
}
Event: 75.391 GC heap before
{Heap before GC invocations=51 (full 0):
 garbage-first heap   total 471040K, used 329590K [0x0000000600000000, 0x0000000800000000)
  region size 4096K, 16 young (65536K), 2 survivors (8192K)
 Metaspace       used 133720K, committed 136128K, reserved 1179648K
  class space    used 17419K, committed 18624K, reserved 1048576K
}
Event: 75.400 GC heap after
{Heap after GC invocations=52 (full 0):
 garbage-first heap   total 577536K, used 202372K [0x0000000600000000, 0x0000000800000000)
  region size 4096K, 2 young (8192K), 2 survivors (8192K)
 Metaspace       used 133720K, committed 136128K, reserved 1179648K
  class space    used 17419K, committed 18624K, reserved 1048576K
}
Event: 76.104 GC heap before
{Heap before GC invocations=52 (full 0):
 garbage-first heap   total 577536K, used 435844K [0x0000000600000000, 0x0000000800000000)
  region size 4096K, 60 young (245760K), 2 survivors (8192K)
 Metaspace       used 135909K, committed 138176K, reserved 1179648K
  class space    used 17667K, committed 18816K, reserved 1048576K
}
Event: 76.114 GC heap after
{Heap after GC invocations=53 (full 0):
 garbage-first heap   total 577536K, used 207494K [0x0000000600000000, 0x0000000800000000)
  region size 4096K, 4 young (16384K), 4 survivors (16384K)
 Metaspace       used 135909K, committed 138176K, reserved 1179648K
  class space    used 17667K, committed 18816K, reserved 1048576K
}
Event: 77.013 GC heap before
{Heap before GC invocations=53 (full 0):
 garbage-first heap   total 577536K, used 518790K [0x0000000600000000, 0x0000000800000000)
  region size 4096K, 80 young (327680K), 4 survivors (16384K)
 Metaspace       used 143248K, committed 145600K, reserved 1179648K
  class space    used 18654K, committed 19840K, reserved 1048576K
}
Event: 77.026 GC heap after
{Heap after GC invocations=54 (full 0):
 garbage-first heap   total 577536K, used 223084K [0x0000000600000000, 0x0000000800000000)
  region size 4096K, 10 young (40960K), 10 survivors (40960K)
 Metaspace       used 143248K, committed 145600K, reserved 1179648K
  class space    used 18654K, committed 19840K, reserved 1048576K
}
Event: 77.033 GC heap before
{Heap before GC invocations=54 (full 0):
 garbage-first heap   total 577536K, used 223084K [0x0000000600000000, 0x0000000800000000)
  region size 4096K, 11 young (45056K), 10 survivors (40960K)
 Metaspace       used 143260K, committed 145600K, reserved 1179648K
  class space    used 18657K, committed 19840K, reserved 1048576K
}
Event: 77.042 GC heap after
{Heap after GC invocations=55 (full 0):
 garbage-first heap   total 577536K, used 231708K [0x0000000600000000, 0x0000000800000000)
  region size 4096K, 2 young (8192K), 2 survivors (8192K)
 Metaspace       used 143260K, committed 145600K, reserved 1179648K
  class space    used 18657K, committed 19840K, reserved 1048576K
}
Event: 77.361 GC heap before
{Heap before GC invocations=56 (full 0):
 garbage-first heap   total 577536K, used 563484K [0x0000000600000000, 0x0000000800000000)
  region size 4096K, 41 young (167936K), 2 survivors (8192K)
 Metaspace       used 144744K, committed 147072K, reserved 1179648K
  class space    used 18839K, committed 20032K, reserved 1048576K
}
Event: 77.371 GC heap after
{Heap after GC invocations=57 (full 0):
 garbage-first heap   total 643072K, used 404293K [0x0000000600000000, 0x0000000800000000)
  region size 4096K, 6 young (24576K), 6 survivors (24576K)
 Metaspace       used 144744K, committed 147072K, reserved 1179648K
  class space    used 18839K, committed 20032K, reserved 1048576K
}
Event: 77.810 GC heap before
{Heap before GC invocations=57 (full 0):
 garbage-first heap   total 643072K, used 514885K [0x0000000600000000, 0x0000000800000000)
  region size 4096K, 33 young (135168K), 6 survivors (24576K)
 Metaspace       used 148906K, committed 151232K, reserved 1179648K
  class space    used 19417K, committed 20608K, reserved 1048576K
}

